<?xml version="1.0" encoding="UTF-8"?>
<testsuite xmlns:xsi="http://www.w3.org/2001/XMLSchema-instance" xsi:noNamespaceSchemaLocation="https://maven.apache.org/surefire/maven-surefire-plugin/xsd/surefire-test-report-3.0.xsd" version="3.0" name="TestSuite" time="168.468" tests="5" errors="0" skipped="0" failures="0">
  <properties>
[...]
</properties>
  <testcase name="testLogin" classname="com.nmc.api.testcases.TestRegistrationPage" time="3.282"/>
  <testcase name="testOpRegistration" classname="com.nmc.api.testcases.TestRegistrationPage" time="38.244"/>
  <testcase name="testIpRegistration" classname="com.nmc.api.testcases.TestRegistrationPage" time="58.521"/>
  <testcase name="testOspRegistration" classname="com.nmc.api.testcases.TestRegistrationPage" time="46.007"/>
  <testcase name="testPreRegistration" classname="com.nmc.api.testcases.TestRegistrationPage" time="12.022"/>
</testsuite>