<?xml version="1.0" encoding="UTF-8"?>
<testng-results ignored="0" total="5" passed="5" failed="0" skipped="0">
  <reporter-output>
  </reporter-output>
  <suite started-at="2019-06-12T08:32:46Z" name="NMC-Registration" finished-at="2019-06-12T08:35:33Z" duration-ms="167252">
    <groups>
    </groups>
    <test started-at="2019-06-12T08:32:46Z" name="Registration Automation" finished-at="2019-06-12T08:35:33Z" duration-ms="167252">
      <class name="com.nmc.api.testcases.TestRegistrationPage">
        <test-method is-config="true" signature="setUp(java.lang.String)[pri:0, instance:com.nmc.api.testcases.TestRegistrationPage@15b204a1]" started-at="2019-06-12T08:32:46Z" name="setUp" finished-at="2019-06-12T08:32:55Z" duration-ms="8671" status="PASS">
          <params>
            <param index="0">
              <value>
                <![CDATA[firefox]]>
              </value>
            </param>
          </params>
          <reporter-output>
          </reporter-output>
        </test-method> <!-- setUp -->
        <test-method signature="testLogin()[pri:1, instance:com.nmc.api.testcases.TestRegistrationPage@15b204a1]" started-at="2019-06-12T08:32:55Z" name="testLogin" finished-at="2019-06-12T08:32:58Z" duration-ms="3279" status="PASS">
          <reporter-output>
          </reporter-output>
        </test-method> <!-- testLogin -->
        <test-method signature="testOpRegistration()[pri:2, instance:com.nmc.api.testcases.TestRegistrationPage@15b204a1]" started-at="2019-06-12T08:32:58Z" name="testOpRegistration" finished-at="2019-06-12T08:33:37Z" duration-ms="38244" status="PASS">
          <reporter-output>
          </reporter-output>
        </test-method> <!-- testOpRegistration -->
        <test-method signature="testIpRegistration()[pri:3, instance:com.nmc.api.testcases.TestRegistrationPage@15b204a1]" started-at="2019-06-12T08:33:37Z" name="testIpRegistration" finished-at="2019-06-12T08:34:35Z" duration-ms="58522" status="PASS">
          <reporter-output>
          </reporter-output>
        </test-method> <!-- testIpRegistration -->
        <test-method signature="testOspRegistration()[pri:4, instance:com.nmc.api.testcases.TestRegistrationPage@15b204a1]" started-at="2019-06-12T08:34:35Z" name="testOspRegistration" finished-at="2019-06-12T08:35:21Z" duration-ms="46006" status="PASS">
          <reporter-output>
          </reporter-output>
        </test-method> <!-- testOspRegistration -->
        <test-method signature="testPreRegistration()[pri:5, instance:com.nmc.api.testcases.TestRegistrationPage@15b204a1]" started-at="2019-06-12T08:35:21Z" name="testPreRegistration" finished-at="2019-06-12T08:35:33Z" duration-ms="12025" status="PASS">
          <reporter-output>
          </reporter-output>
        </test-method> <!-- testPreRegistration -->
      </class> <!-- com.nmc.api.testcases.TestRegistrationPage -->
    </test> <!-- Registration Automation -->
  </suite> <!-- NMC-Registration -->
</testng-results>
