<?xml version="1.0" encoding="UTF-8"?>
<testng-results ignored="0" total="2" passed="1" failed="1" skipped="0">
  <reporter-output>
  </reporter-output>
  <suite started-at="2019-07-16T12:48:21Z" name="NMC-Registration" finished-at="2019-07-16T12:49:23Z" duration-ms="61683">
    <groups>
    </groups>
    <test started-at="2019-07-16T12:48:21Z" name="Registration Automation" finished-at="2019-07-16T12:49:23Z" duration-ms="61683">
      <class name="com.nmc.api.testcases.TestRegistrationPage">
        <test-method is-config="true" signature="setUp(java.lang.String)[pri:0, instance:com.nmc.api.testcases.TestRegistrationPage@384ad17b]" started-at="2019-07-16T12:48:22Z" name="setUp" finished-at="2019-07-16T12:48:29Z" duration-ms="7383" status="PASS">
          <params>
            <param index="0">
              <value>
                <![CDATA[firefox]]>
              </value>
            </param>
          </params>
          <reporter-output>
          </reporter-output>
        </test-method> <!-- setUp -->
        <test-method signature="testLogin()[pri:1, instance:com.nmc.api.testcases.TestRegistrationPage@384ad17b]" started-at="2019-07-16T12:48:29Z" name="testLogin" finished-at="2019-07-16T12:48:32Z" duration-ms="2604" status="PASS">
          <reporter-output>
          </reporter-output>
        </test-method> <!-- testLogin -->
        <test-method signature="testOpRegistration()[pri:2, instance:com.nmc.api.testcases.TestRegistrationPage@384ad17b]" started-at="2019-07-16T12:48:32Z" name="testOpRegistration" finished-at="2019-07-16T12:49:23Z" duration-ms="51053" status="FAIL">
          <exception class="java.lang.AssertionError">
            <message>
              <![CDATA[OP Registration was unsuccessful.!! expected [true] but found [false]]]>
            </message>
            <full-stacktrace>
              <![CDATA[java.lang.AssertionError: OP Registration was unsuccessful.!! expected [true] but found [false]
at org.testng.Assert.fail(Assert.java:96)
at org.testng.Assert.failNotEquals(Assert.java:776)
at org.testng.Assert.assertEqualsImpl(Assert.java:137)
at org.testng.Assert.assertEquals(Assert.java:118)
at org.testng.Assert.assertEquals(Assert.java:568)
at com.nmc.api.testcases.TestRegistrationPage.testOpRegistration(TestRegistrationPage.java:34)
at java.base/jdk.internal.reflect.NativeMethodAccessorImpl.invoke0(Native Method)
at java.base/jdk.internal.reflect.NativeMethodAccessorImpl.invoke(NativeMethodAccessorImpl.java:62)
at java.base/jdk.internal.reflect.DelegatingMethodAccessorImpl.invoke(DelegatingMethodAccessorImpl.java:43)
at java.base/java.lang.reflect.Method.invoke(Method.java:566)
at org.testng.internal.MethodInvocationHelper.invokeMethod(MethodInvocationHelper.java:124)
at org.testng.internal.Invoker.invokeMethod(Invoker.java:583)
at org.testng.internal.Invoker.invokeTestMethod(Invoker.java:719)
at org.testng.internal.Invoker.invokeTestMethods(Invoker.java:989)
at org.testng.internal.TestMethodWorker.invokeTestMethods(TestMethodWorker.java:125)
at org.testng.internal.TestMethodWorker.run(TestMethodWorker.java:109)
at org.testng.TestRunner.privateRun(TestRunner.java:648)
at org.testng.TestRunner.run(TestRunner.java:505)
at org.testng.SuiteRunner.runTest(SuiteRunner.java:455)
at org.testng.SuiteRunner.runSequentially(SuiteRunner.java:450)
at org.testng.SuiteRunner.privateRun(SuiteRunner.java:415)
at org.testng.SuiteRunner.run(SuiteRunner.java:364)
at org.testng.SuiteRunnerWorker.runSuite(SuiteRunnerWorker.java:52)
at org.testng.SuiteRunnerWorker.run(SuiteRunnerWorker.java:84)
at org.testng.TestNG.runSuitesSequentially(TestNG.java:1208)
at org.testng.TestNG.runSuitesLocally(TestNG.java:1137)
at org.testng.TestNG.runSuites(TestNG.java:1049)
at org.testng.TestNG.run(TestNG.java:1017)
at org.testng.remote.AbstractRemoteTestNG.run(AbstractRemoteTestNG.java:115)
at org.testng.remote.RemoteTestNG.initAndRun(RemoteTestNG.java:251)
at org.testng.remote.RemoteTestNG.main(RemoteTestNG.java:77)
]]>
            </full-stacktrace>
          </exception> <!-- java.lang.AssertionError -->
          <reporter-output>
          </reporter-output>
        </test-method> <!-- testOpRegistration -->
      </class> <!-- com.nmc.api.testcases.TestRegistrationPage -->
    </test> <!-- Registration Automation -->
  </suite> <!-- NMC-Registration -->
</testng-results>
