<?xml version="1.0" encoding="UTF-8"?>
<!-- Generated by org.testng.reporters.JUnitXMLReporter -->
<testsuite ignored="0" hostname="manish-Latitude-3460" failures="0" tests="5" name="Registration Automation" time="167.252" errors="0" timestamp="12 Jun 2019 08:35:33 GMT">
  <testcase classname="com.nmc.api.testcases.TestRegistrationPage" name="testLogin" time="3.279"/>
  <testcase classname="com.nmc.api.testcases.TestRegistrationPage" name="testOpRegistration" time="38.244"/>
  <testcase classname="com.nmc.api.testcases.TestRegistrationPage" name="testIpRegistration" time="58.522"/>
  <testcase classname="com.nmc.api.testcases.TestRegistrationPage" name="testOspRegistration" time="46.006"/>
  <testcase classname="com.nmc.api.testcases.TestRegistrationPage" name="testPreRegistration" time="12.025"/>
</testsuite> <!-- Registration Automation -->
