<?xml version="1.0" encoding="UTF-8"?>
<!-- Generated by org.testng.reporters.JUnitXMLReporter -->
<testsuite ignored="0" hostname="manish-Latitude-3460" failures="1" tests="2" name="Registration Automation" time="61.683" errors="0" timestamp="16 Jul 2019 12:49:23 GMT">
  <testcase classname="com.nmc.api.testcases.TestRegistrationPage" name="testLogin" time="2.604"/>
  <testcase classname="com.nmc.api.testcases.TestRegistrationPage" name="testOpRegistration" time="51.053">
    <failure type="java.lang.AssertionError" message="OP Registration was unsuccessful.!! expected [true] but found [false]">
      <![CDATA[java.lang.AssertionError: OP Registration was unsuccessful.!! expected [true] but found [false]
at com.nmc.api.testcases.TestRegistrationPage.testOpRegistration(TestRegistrationPage.java:34)
... Removed 30 stack frames]]>
    </failure>
  </testcase> <!-- testOpRegistration -->
</testsuite> <!-- Registration Automation -->
